<?xml version="1.0" encoding="UTF-8"?>
<!-- Generated by org.testng.reporters.JUnitXMLReporter -->
<testsuite hostname="Q10045" name="Testsa" tests="4" failures="0" timestamp="25 Aug 2016 10:54:13 GMT" time="41.266" errors="0">
  <testcase name="uom" time="9.674" classname="com.erp.master.execng"/>
  <testcase name="uom" time="9.635" classname="com.erp.master.execng"/>
  <testcase name="uom" time="9.518" classname="com.erp.master.execng"/>
  <testcase name="stkcat" time="9.851" classname="com.erp.master.catng"/>
</testsuite> <!-- Testsa -->
