<?xml version="1.0" encoding="UTF-8"?>
<testng-results skipped="0" failed="0" total="4" passed="4">
  <reporter-output>
  </reporter-output>
  <suite name="SAsuite" duration-ms="41266" started-at="2016-08-25T10:53:31Z" finished-at="2016-08-25T10:54:13Z">
    <groups>
    </groups>
    <test name="Testsa" duration-ms="41266" started-at="2016-08-25T10:53:31Z" finished-at="2016-08-25T10:54:13Z">
      <class name="com.erp.master.execng">
        <test-method status="PASS" signature="beforeSuite()[pri:0, instance:com.erp.master.execng@7dc7cbad]" name="beforeSuite" is-config="true" duration-ms="9335" started-at="2016-08-25T16:23:22Z" finished-at="2016-08-25T16:23:31Z">
          <reporter-output>
          </reporter-output>
        </test-method> <!-- beforeSuite -->
        <test-method status="PASS" signature="beforeTest()[pri:0, instance:com.erp.master.execng@7dc7cbad]" name="beforeTest" is-config="true" duration-ms="2346" started-at="2016-08-25T16:23:31Z" finished-at="2016-08-25T16:23:34Z">
          <reporter-output>
          </reporter-output>
        </test-method> <!-- beforeTest -->
        <test-method status="PASS" signature="uom(java.lang.String, java.lang.String)[pri:0, instance:com.erp.master.execng@7dc7cbad]" name="uom" duration-ms="9674" started-at="2016-08-25T16:23:34Z" data-provider="udata" finished-at="2016-08-25T16:23:43Z">
          <params>
            <param index="0">
              <value>
                <![CDATA[U890]]>
              </value>
            </param>
            <param index="1">
              <value>
                <![CDATA[abcd]]>
              </value>
            </param>
          </params>
          <reporter-output>
          </reporter-output>
        </test-method> <!-- uom -->
        <test-method status="PASS" signature="uom(java.lang.String, java.lang.String)[pri:0, instance:com.erp.master.execng@7dc7cbad]" name="uom" duration-ms="9635" started-at="2016-08-25T16:23:43Z" data-provider="udata" finished-at="2016-08-25T16:23:53Z">
          <params>
            <param index="0">
              <value>
                <![CDATA[1234]]>
              </value>
            </param>
            <param index="1">
              <value>
                <![CDATA[abcdo]]>
              </value>
            </param>
          </params>
          <reporter-output>
          </reporter-output>
        </test-method> <!-- uom -->
        <test-method status="PASS" signature="uom(java.lang.String, java.lang.String)[pri:0, instance:com.erp.master.execng@7dc7cbad]" name="uom" duration-ms="9518" started-at="2016-08-25T16:23:53Z" data-provider="udata" finished-at="2016-08-25T16:24:03Z">
          <params>
            <param index="0">
              <value>
                <![CDATA[U89011]]>
              </value>
            </param>
            <param index="1">
              <value>
                <![CDATA[abcdhhh]]>
              </value>
            </param>
          </params>
          <reporter-output>
          </reporter-output>
        </test-method> <!-- uom -->
        <test-method status="PASS" signature="afterTest()[pri:0, instance:com.erp.master.execng@7dc7cbad]" name="afterTest" is-config="true" duration-ms="196" started-at="2016-08-25T16:24:12Z" finished-at="2016-08-25T16:24:13Z">
          <reporter-output>
          </reporter-output>
        </test-method> <!-- afterTest -->
        <test-method status="PASS" signature="afterSuite()[pri:0, instance:com.erp.master.execng@7dc7cbad]" name="afterSuite" is-config="true" duration-ms="15" started-at="2016-08-25T16:24:13Z" finished-at="2016-08-25T16:24:13Z">
          <reporter-output>
          </reporter-output>
        </test-method> <!-- afterSuite -->
      </class> <!-- com.erp.master.execng -->
      <class name="com.erp.master.catng">
        <test-method status="PASS" signature="stkcat()[pri:0, instance:com.erp.master.catng@d2cc05a]" name="stkcat" duration-ms="9851" started-at="2016-08-25T16:24:03Z" finished-at="2016-08-25T16:24:12Z">
          <reporter-output>
          </reporter-output>
        </test-method> <!-- stkcat -->
      </class> <!-- com.erp.master.catng -->
    </test> <!-- Testsa -->
  </suite> <!-- SAsuite -->
</testng-results>
